<?xml version="1.0" encoding="UTF-8"?>
<!-- Generated by org.testng.reporters.JUnitReportReporter -->
<testsuite hostname="IBM459-PC0F1EFG" name="com.training.sanity.tests.ChangePassword" tests="1" failures="0" timestamp="18 Jun 2019 11:35:31 GMT" time="8.313" errors="0">
  <testcase name="ChnagePasswordTest" time="8.313" classname="com.training.sanity.tests.ChangePassword"/>
</testsuite> <!-- com.training.sanity.tests.ChangePassword -->
