<?xml version="1.0" encoding="UTF-8"?>
<!-- Generated by org.testng.reporters.JUnitReportReporter -->
<testsuite skipped="0" hostname="DESKTOP-LMQHPF7" name="com.training.sanity.tests.CreateTest" tests="1" failures="0" timestamp="29 Jun 2019 13:57:22 GMT" time="45.400" errors="0">
  <testcase name="CreateTest" time="45.400" classname="com.training.sanity.tests.CreateTest"/>
</testsuite> <!-- com.training.sanity.tests.CreateTest -->
