<?xml version="1.0" encoding="UTF-8"?>
<!-- Generated by org.testng.reporters.JUnitReportReporter -->
<testsuite skipped="0" hostname="DESKTOP-LMQHPF7" name="com.training.sanity.tests.MultipleRegisterStudent" tests="1" failures="0" timestamp="16 Jul 2019 10:11:05 GMT" time="27.083" errors="0">
  <testcase name="signUp" time="27.083" classname="com.training.sanity.tests.MultipleRegisterStudent"/>
</testsuite> <!-- com.training.sanity.tests.MultipleRegisterStudent -->
