<?xml version="1.0" encoding="UTF-8"?>
<!-- Generated by org.testng.reporters.JUnitReportReporter -->
<testsuite skipped="0" hostname="DESKTOP-LMQHPF7" name="com.training.sanity.tests.DatabaseStudent" tests="1" failures="0" timestamp="22 Jul 2019 11:02:31 GMT" time="21.106" errors="0">
  <testcase name="validateStudent" time="21.106" classname="com.training.sanity.tests.DatabaseStudent"/>
</testsuite> <!-- com.training.sanity.tests.DatabaseStudent -->
