<?xml version="1.0" encoding="UTF-8"?>
<!-- Generated by org.testng.reporters.JUnitReportReporter -->
<testsuite hostname="IBM459-PC0F1EFG" name="com.training.sanity.tests.RegisterAsStudent" tests="1" failures="0" timestamp="18 Jun 2019 11:30:34 GMT" time="7.931" errors="0">
  <testcase name="validateStudent" time="7.931" classname="com.training.sanity.tests.RegisterAsStudent"/>
</testsuite> <!-- com.training.sanity.tests.RegisterAsStudent -->
