<?xml version="1.0" encoding="UTF-8"?>
<!-- Generated by org.testng.reporters.JUnitReportReporter -->
<testsuite hostname="IBM459-PC0F1EFG" name="com.training.sanity.tests.LoginTests" tests="1" failures="0" timestamp="18 Jun 2019 11:27:06 GMT" time="7.142" errors="0">
  <testcase name="validLoginTest" time="7.142" classname="com.training.sanity.tests.LoginTests"/>
</testsuite> <!-- com.training.sanity.tests.LoginTests -->
