<?xml version="1.0" encoding="UTF-8"?>
<!-- Generated by org.testng.reporters.JUnitReportReporter -->
<testsuite skipped="0" hostname="DESKTOP-LMQHPF7" name="com.training.sanity.tests.AddAssessment" tests="1" failures="0" timestamp="29 Jun 2019 15:00:14 GMT" time="19.211" errors="0">
  <testcase name="CreateTest" time="19.211" classname="com.training.sanity.tests.AddAssessment"/>
</testsuite> <!-- com.training.sanity.tests.AddAssessment -->
