<?xml version="1.0" encoding="UTF-8"?>
<!-- Generated by org.testng.reporters.JUnitReportReporter -->
<testsuite skipped="0" hostname="DESKTOP-LMQHPF7" name="com.training.sanity.tests.RegistrationError" tests="1" failures="0" timestamp="16 Jul 2019 10:27:11 GMT" time="31.031" errors="0">
  <testcase name="signUp" time="31.031" classname="com.training.sanity.tests.RegistrationError"/>
</testsuite> <!-- com.training.sanity.tests.RegistrationError -->
