<?xml version="1.0" encoding="UTF-8"?>
<!-- Generated by org.testng.reporters.JUnitReportReporter -->
<testsuite skipped="0" hostname="DESKTOP-LMQHPF7" name="com.training.sanity.tests.AddAssignments" tests="1" failures="0" timestamp="02 Jul 2019 11:14:53 GMT" time="19.599" errors="0">
  <testcase name="CreateTest" time="19.599" classname="com.training.sanity.tests.AddAssignments"/>
</testsuite> <!-- com.training.sanity.tests.AddAssignments -->
