<?xml version="1.0" encoding="UTF-8"?>
<!-- Generated by org.testng.reporters.JUnitReportReporter -->
<testsuite hostname="IBM459-PC0F1EFG" name="com.training.sanity.tests.StudentLogin" tests="1" failures="0" timestamp="18 Jun 2019 11:33:13 GMT" time="2.483" errors="0">
  <testcase name="validLoginTest" time="2.483" classname="com.training.sanity.tests.StudentLogin"/>
</testsuite> <!-- com.training.sanity.tests.StudentLogin -->
